# JRE version: Java(TM) SE Runtime Environment (8.0_144-b01) (build 1.8.0_144-b01)
# Java VM: Java HotSpot(TM) 64-Bit Server VM (25.144-b01 mixed mode windows-amd64 compressed oops)
Heap:
 PSYoungGen      total 1354240K, used 974608K [0x000000076b200000, 0x00000007c0000000, 0x00000007c0000000)
  eden space 1318400K, 73% used [0x000000076b200000,0x00000007a696c360,0x00000007bb980000)
  from space 35840K, 0% used [0x00000007bb980000,0x00000007bb9d8000,0x00000007bdc80000)
  to   space 35328K, 0% used [0x00000007bdd80000,0x00000007bdd80000,0x00000007c0000000)
 ParOldGen       total 175104K, used 50132K [0x00000006c1600000, 0x00000006cc100000, 0x000000076b200000)
  object space 175104K, 28% used [0x00000006c1600000,0x00000006c46f5268,0x00000006cc100000)
 Metaspace       used 18455K, capacity 18630K, committed 18944K, reserved 1067008K
  class space    used 2152K, capacity 2201K, committed 2304K, reserved 1048576K
GC Heap History (10 events):
Event: 5.057 GC heap before
{Heap before GC invocations=9 (full 0):
 PSYoungGen      total 551424K, used 533950K [0x000000076b200000, 0x000000078e900000, 0x00000007c0000000)
  eden space 524288K, 100% used [0x000000076b200000,0x000000078b200000,0x000000078b200000)
  from space 27136K, 35% used [0x000000078ce80000,0x000000078d7efb10,0x000000078e900000)
  to   space 28160K, 0% used [0x000000078b200000,0x000000078b200000,0x000000078cd80000)
 ParOldGen       total 175104K, used 30627K [0x00000006c1600000, 0x00000006cc100000, 0x000000076b200000)
  object space 175104K, 17% used [0x00000006c1600000,0x00000006c33e8d60,0x00000006cc100000)
 Metaspace       used 8491K, capacity 8588K, committed 8704K, reserved 1056768K
  class space    used 899K, capacity 944K, committed 1024K, reserved 1048576K
Event: 5.064 GC heap after
Heap after GC invocations=9 (full 0):
 PSYoungGen      total 552448K, used 384K [0x000000076b200000, 0x00000007a1e80000, 0x00000007c0000000)
  eden space 524288K, 0% used [0x000000076b200000,0x000000076b200000,0x000000078b200000)
  from space 28160K, 1% used [0x000000078b200000,0x000000078b260000,0x000000078cd80000)
  to   space 29184K, 0% used [0x00000007a0200000,0x00000007a0200000,0x00000007a1e80000)
 ParOldGen       total 175104K, used 39026K [0x00000006c1600000, 0x00000006cc100000, 0x000000076b200000)
  object space 175104K, 22% used [0x00000006c1600000,0x00000006c3c1c9c0,0x00000006cc100000)
 Metaspace       used 8491K, capacity 8588K, committed 8704K, reserved 1056768K
  class space    used 899K, capacity 944K, committed 1024K, reserved 1048576K
}
Event: 5.761 GC heap before
{Heap before GC invocations=10 (full 0):
 PSYoungGen      total 552448K, used 524672K [0x000000076b200000, 0x00000007a1e80000, 0x00000007c0000000)
  eden space 524288K, 100% used [0x000000076b200000,0x000000078b200000,0x000000078b200000)
  from space 28160K, 1% used [0x000000078b200000,0x000000078b260000,0x000000078cd80000)
  to   space 29184K, 0% used [0x00000007a0200000,0x00000007a0200000,0x00000007a1e80000)
 ParOldGen       total 175104K, used 39026K [0x00000006c1600000, 0x00000006cc100000, 0x000000076b200000)
  object space 175104K, 22% used [0x00000006c1600000,0x00000006c3c1c9c0,0x00000006cc100000)
 Metaspace       used 8521K, capacity 8652K, committed 8960K, reserved 1056768K
  class space    used 901K, capacity 944K, committed 1024K, reserved 1048576K
Event: 5.778 GC heap after
Heap after GC invocations=10 (full 0):
 PSYoungGen      total 860672K, used 29162K [0x000000076b200000, 0x00000007a2d80000, 0x00000007c0000000)
  eden space 831488K, 0% used [0x000000076b200000,0x000000076b200000,0x000000079de00000)
  from space 29184K, 99% used [0x00000007a0200000,0x00000007a1e7a990,0x00000007a1e80000)
  to   space 36864K, 0% used [0x000000079de00000,0x000000079de00000,0x00000007a0200000)
 ParOldGen       total 175104K, used 46866K [0x00000006c1600000, 0x00000006cc100000, 0x000000076b200000)
  object space 175104K, 26% used [0x00000006c1600000,0x00000006c43c49c0,0x00000006cc100000)
 Metaspace       used 8521K, capacity 8652K, committed 8960K, reserved 1056768K
  class space    used 901K, capacity 944K, committed 1024K, reserved 1048576K
}
Event: 8.373 GC heap before
{Heap before GC invocations=11 (full 0):
 PSYoungGen      total 860672K, used 860650K [0x000000076b200000, 0x00000007a2d80000, 0x00000007c0000000)
  eden space 831488K, 100% used [0x000000076b200000,0x000000079de00000,0x000000079de00000)
  from space 29184K, 99% used [0x00000007a0200000,0x00000007a1e7a990,0x00000007a1e80000)
  to   space 36864K, 0% used [0x000000079de00000,0x000000079de00000,0x00000007a0200000)
 ParOldGen       total 175104K, used 46866K [0x00000006c1600000, 0x00000006cc100000, 0x000000076b200000)
  object space 175104K, 26% used [0x00000006c1600000,0x00000006c43c49c0,0x00000006cc100000)
 Metaspace       used 15016K, capacity 15142K, committed 15232K, reserved 1062912K
  class space    used 1881K, capacity 1913K, committed 1920K, reserved 1048576K
Event: 8.400 GC heap after
Heap after GC invocations=11 (full 0):
 PSYoungGen      total 868352K, used 8894K [0x000000076b200000, 0x00000007c0000000, 0x00000007c0000000)
  eden space 831488K, 0% used [0x000000076b200000,0x000000076b200000,0x000000079de00000)
  from space 36864K, 24% used [0x000000079de00000,0x000000079e6afad0,0x00000007a0200000)
  to   space 35328K, 0% used [0x00000007bdd80000,0x00000007bdd80000,0x00000007c0000000)
 ParOldGen       total 175104K, used 46906K [0x00000006c1600000, 0x00000006cc100000, 0x000000076b200000)
  object space 175104K, 26% used [0x00000006c1600000,0x00000006c43ce9c0,0x00000006cc100000)
 Metaspace       used 15016K, capacity 15142K, committed 15232K, reserved 1062912K
  class space    used 1881K, capacity 1913K, committed 1920K, reserved 1048576K
}
Event: 10.180 GC heap before
{Heap before GC invocations=12 (full 0):
 PSYoungGen      total 868352K, used 840382K [0x000000076b200000, 0x00000007c0000000, 0x00000007c0000000)
  eden space 831488K, 100% used [0x000000076b200000,0x000000079de00000,0x000000079de00000)
  from space 36864K, 24% used [0x000000079de00000,0x000000079e6afad0,0x00000007a0200000)
  to   space 35328K, 0% used [0x00000007bdd80000,0x00000007bdd80000,0x00000007c0000000)
 ParOldGen       total 175104K, used 46906K [0x00000006c1600000, 0x00000006cc100000, 0x000000076b200000)
  object space 175104K, 26% used [0x00000006c1600000,0x00000006c43ce9c0,0x00000006cc100000)
 Metaspace       used 16000K, capacity 16198K, committed 16512K, reserved 1062912K
  class space    used 1991K, capacity 2073K, committed 2176K, reserved 1048576K
Event: 10.183 GC heap after
Heap after GC invocations=12 (full 0):
 PSYoungGen      total 1353216K, used 926K [0x000000076b200000, 0x00000007bff80000, 0x00000007c0000000)
  eden space 1318400K, 0% used [0x000000076b200000,0x000000076b200000,0x00000007bb980000)
  from space 34816K, 2% used [0x00000007bdd80000,0x00000007bde67b00,0x00000007bff80000)
  to   space 35840K, 0% used [0x00000007bb980000,0x00000007bb980000,0x00000007bdc80000)
 ParOldGen       total 175104K, used 49858K [0x00000006c1600000, 0x00000006cc100000, 0x000000076b200000)
  object space 175104K, 28% used [0x00000006c1600000,0x00000006c46b0a28,0x00000006cc100000)
 Metaspace       used 16000K, capacity 16198K, committed 16512K, reserved 1062912K
  class space    used 1991K, capacity 2073K, committed 2176K, reserved 1048576K
}
Event: 12.755 GC heap before
{Heap before GC invocations=13 (full 0):
 PSYoungGen      total 1353216K, used 1319326K [0x000000076b200000, 0x00000007bff80000, 0x00000007c0000000)
  eden space 1318400K, 100% used [0x000000076b200000,0x00000007bb980000,0x00000007bb980000)
  from space 34816K, 2% used [0x00000007bdd80000,0x00000007bde67b00,0x00000007bff80000)
  to   space 35840K, 0% used [0x00000007bb980000,0x00000007bb980000,0x00000007bdc80000)
 ParOldGen       total 175104K, used 49858K [0x00000006c1600000, 0x00000006cc100000, 0x000000076b200000)
  object space 175104K, 28% used [0x00000006c1600000,0x00000006c46b0a28,0x00000006cc100000)
 Metaspace       used 16466K, capacity 16582K, committed 16768K, reserved 1064960K
  class space    used 2017K, capacity 2073K, committed 2176K, reserved 1048576K
Event: 12.756 GC heap after
Heap after GC invocations=13 (full 0):
 PSYoungGen      total 1354240K, used 352K [0x000000076b200000, 0x00000007c0000000, 0x00000007c0000000)
  eden space 1318400K, 0% used [0x000000076b200000,0x000000076b200000,0x00000007bb980000)
  from space 35840K, 0% used [0x00000007bb980000,0x00000007bb9d8000,0x00000007bdc80000)
  to   space 35328K, 0% used [0x00000007bdd80000,0x00000007bdd80000,0x00000007c0000000)
 ParOldGen       total 175104K, used 50132K [0x00000006c1600000, 0x00000006cc100000, 0x000000076b200000)
  object space 175104K, 28% used [0x00000006c1600000,0x00000006c46f5268,0x00000006cc100000)
 Metaspace       used 16466K, capacity 16582K, committed 16768K, reserved 1064960K
  class space    used 2017K, capacity 2073K, committed 2176K, reserved 1048576K
}

